{"C:\\Users\\Realme\\Desktop\\Seeder_Application\\src\\components\\atoms\\Avatar\\index.tsx": {"path":"C:\\Users\\Realme\\Desktop\\Seeder_Application\\src\\components\\atoms\\Avatar\\index.tsx","statementMap":{"0":{"start":{"line":31,"column":0},"end":{"line":31,"column":52}},"1":{"start":{"line":32,"column":0},"end":{"line":32,"column":37}},"2":{"start":{"line":39,"column":21},"end":{"line":45,"column":2}},"3":{"start":{"line":47,"column":38},"end":{"line":53,"column":1}},"4":{"start":{"line":48,"column":2},"end":{"line":52,"column":4}},"5":{"start":{"line":55,"column":0},"end":{"line":55,"column":22}}},"fnMap":{"0":{"name":"(anonymous_0)","decl":{"start":{"line":47,"column":38},"end":{"line":47,"column":39}},"loc":{"start":{"line":47,"column":55},"end":{"line":53,"column":1}}}},"branchMap":{},"s":{"0":1,"1":1,"2":1,"3":1,"4":4,"5":1},"f":{"0":4},"b":{}}
,"C:\\Users\\Realme\\Desktop\\Seeder_Application\\src\\components\\atoms\\Chip\\index.tsx": {"path":"C:\\Users\\Realme\\Desktop\\Seeder_Application\\src\\components\\atoms\\Chip\\index.tsx","statementMap":{"0":{"start":{"line":34,"column":0},"end":{"line":34,"column":37}},"1":{"start":{"line":35,"column":0},"end":{"line":35,"column":38}},"2":{"start":{"line":50,"column":19},"end":{"line":62,"column":2}},"3":{"start":{"line":52,"column":35},"end":{"line":52,"column":56}},"4":{"start":{"line":53,"column":28},"end":{"line":53,"column":42}},"5":{"start":{"line":54,"column":30},"end":{"line":54,"column":46}},"6":{"start":{"line":55,"column":30},"end":{"line":55,"column":46}},"7":{"start":{"line":56,"column":30},"end":{"line":56,"column":46}},"8":{"start":{"line":57,"column":33},"end":{"line":57,"column":52}},"9":{"start":{"line":58,"column":24},"end":{"line":58,"column":35}},"10":{"start":{"line":59,"column":25},"end":{"line":59,"column":37}},"11":{"start":{"line":64,"column":40},"end":{"line":66,"column":1}},"12":{"start":{"line":65,"column":4},"end":{"line":65,"column":37}},"13":{"start":{"line":68,"column":0},"end":{"line":68,"column":26}}},"fnMap":{"0":{"name":"(anonymous_1)","decl":{"start":{"line":52,"column":24},"end":{"line":52,"column":25}},"loc":{"start":{"line":52,"column":35},"end":{"line":52,"column":56}}},"1":{"name":"(anonymous_2)","decl":{"start":{"line":53,"column":17},"end":{"line":53,"column":18}},"loc":{"start":{"line":53,"column":28},"end":{"line":53,"column":42}}},"2":{"name":"(anonymous_3)","decl":{"start":{"line":54,"column":19},"end":{"line":54,"column":20}},"loc":{"start":{"line":54,"column":30},"end":{"line":54,"column":46}}},"3":{"name":"(anonymous_4)","decl":{"start":{"line":55,"column":19},"end":{"line":55,"column":20}},"loc":{"start":{"line":55,"column":30},"end":{"line":55,"column":46}}},"4":{"name":"(anonymous_5)","decl":{"start":{"line":56,"column":19},"end":{"line":56,"column":20}},"loc":{"start":{"line":56,"column":30},"end":{"line":56,"column":46}}},"5":{"name":"(anonymous_6)","decl":{"start":{"line":57,"column":22},"end":{"line":57,"column":23}},"loc":{"start":{"line":57,"column":33},"end":{"line":57,"column":52}}},"6":{"name":"(anonymous_7)","decl":{"start":{"line":58,"column":13},"end":{"line":58,"column":14}},"loc":{"start":{"line":58,"column":24},"end":{"line":58,"column":35}}},"7":{"name":"(anonymous_8)","decl":{"start":{"line":59,"column":14},"end":{"line":59,"column":15}},"loc":{"start":{"line":59,"column":25},"end":{"line":59,"column":37}}},"8":{"name":"(anonymous_9)","decl":{"start":{"line":64,"column":40},"end":{"line":64,"column":41}},"loc":{"start":{"line":64,"column":50},"end":{"line":66,"column":1}}}},"branchMap":{},"s":{"0":1,"1":1,"2":1,"3":3,"4":3,"5":3,"6":3,"7":3,"8":3,"9":3,"10":3,"11":1,"12":4,"13":1},"f":{"0":3,"1":3,"2":3,"3":3,"4":3,"5":3,"6":3,"7":3,"8":4},"b":{}}
}
