TN:
SF:src\components\atoms\Avatar\index.tsx
FN:47,(anonymous_0)
FNF:1
FNH:1
FNDA:4,(anonymous_0)
DA:31,1
DA:32,1
DA:39,1
DA:47,1
DA:48,4
DA:55,1
LF:6
LH:6
BRF:0
BRH:0
end_of_record
TN:
SF:src\components\atoms\Chip\index.tsx
FN:52,(anonymous_1)
FN:53,(anonymous_2)
FN:54,(anonymous_3)
FN:55,(anonymous_4)
FN:56,(anonymous_5)
FN:57,(anonymous_6)
FN:58,(anonymous_7)
FN:59,(anonymous_8)
FN:64,(anonymous_9)
FNF:9
FNH:9
FNDA:3,(anonymous_1)
FNDA:3,(anonymous_2)
FNDA:3,(anonymous_3)
FNDA:3,(anonymous_4)
FNDA:3,(anonymous_5)
FNDA:3,(anonymous_6)
FNDA:3,(anonymous_7)
FNDA:3,(anonymous_8)
FNDA:4,(anonymous_9)
DA:34,1
DA:35,1
DA:50,1
DA:52,3
DA:53,3
DA:54,3
DA:55,3
DA:56,3
DA:57,3
DA:58,3
DA:59,3
DA:64,1
DA:65,4
DA:68,1
LF:14
LH:14
BRF:0
BRH:0
end_of_record
